[debug] [2020-02-18T23:44:19.068Z] ----------------------------------------------------------------------
[debug] [2020-02-18T23:44:19.070Z] Command:       /Users/shams/.nvm/versions/node/v8.17.0/bin/node /Users/shams/.nvm/versions/node/v8.17.0/bin/firebase deploy --only functions --project=antler-vc
[debug] [2020-02-18T23:44:19.070Z] CLI Version:   7.11.0
[debug] [2020-02-18T23:44:19.070Z] Platform:      darwin
[debug] [2020-02-18T23:44:19.070Z] Node Version:  v8.17.0
[debug] [2020-02-18T23:44:19.070Z] Time:          Wed Feb 19 2020 10:44:19 GMT+1100 (AEDT)
[debug] [2020-02-18T23:44:19.071Z] ----------------------------------------------------------------------
[debug] [2020-02-18T23:44:19.071Z] 
[debug] [2020-02-18T23:44:19.078Z] > command requires scopes: ["email","openid","https://www.googleapis.com/auth/cloudplatformprojects.readonly","https://www.googleapis.com/auth/firebase","https://www.googleapis.com/auth/cloud-platform"]
[debug] [2020-02-18T23:44:19.078Z] > authorizing via signed-in user
[debug] [2020-02-18T23:44:19.078Z] [iam] checking project antler-vc for permissions ["cloudfunctions.functions.create","cloudfunctions.functions.delete","cloudfunctions.functions.get","cloudfunctions.functions.list","cloudfunctions.functions.update","cloudfunctions.operations.get","firebase.projects.get"]
[debug] [2020-02-18T23:44:19.080Z] >>> HTTP REQUEST POST https://cloudresourcemanager.googleapis.com/v1/projects/antler-vc:testIamPermissions  

[debug] [2020-02-18T23:44:24.013Z] <<< HTTP RESPONSE 200
[info] 
[info] === Deploying to 'antler-vc'...
[info] 
[info] i  deploying functions
[info] Running command: npm --prefix "$RESOURCE_DIR" run fetchConfig
[info] Running command: npm --prefix "$RESOURCE_DIR" run lint
[info] Running command: npm --prefix "$RESOURCE_DIR" run build
[info] ✔  functions: Finished running predeploy script.
[debug] [2020-02-18T23:44:43.148Z] > [functions] package.json contents: {
  "name": "functions",
  "scripts": {
    "fetchConfig": "ts-node fetchConfig.ts",
    "lint": "tslint --project tsconfig.json",
    "build": "tsc",
    "serve": "npm run build && firebase serve --only functions",
    "shell": "npm run build && firebase functions:shell",
    "start": "npm run shell",
    "deploy": "firebase deploy --only functions",
    "logs": "firebase functions:log"
  },
  "engines": {
    "node": "8"
  },
  "main": "lib/src/index.js",
  "dependencies": {
    "@types/algoliasearch": "^3.34.5",
    "@types/json2csv": "^4.5.0",
    "@types/lodash": "^4.14.149",
    "algoliasearch": "^3.35.1",
    "firebase-admin": "~7.0.0",
    "firebase-functions": "^3.3.0",
    "json2csv": "^4.5.4",
    "lodash": "^4.17.15"
  },
  "devDependencies": {
    "husky": "^3.0.9",
    "tslint": "^5.12.0",
    "typescript": "^3.2.2",
    "ts-node": "^8.6.2"
  },
  "private": true
}
[info] i  functions: ensuring necessary APIs are enabled...
[debug] [2020-02-18T23:44:43.149Z] >>> HTTP REQUEST GET https://serviceusage.googleapis.com/v1/projects/antler-vc/services/cloudfunctions.googleapis.com  
 
[debug] [2020-02-18T23:44:43.150Z] >>> HTTP REQUEST GET https://serviceusage.googleapis.com/v1/projects/antler-vc/services/runtimeconfig.googleapis.com  
 
[debug] [2020-02-18T23:44:46.419Z] <<< HTTP RESPONSE 200
[debug] [2020-02-18T23:44:48.345Z] <<< HTTP RESPONSE 200
[info] ✔  functions: all necessary APIs are enabled
[debug] [2020-02-18T23:44:48.346Z] >>> HTTP REQUEST GET https://firebase.googleapis.com/v1beta1/projects/antler-vc/adminSdkConfig  
 
[debug] [2020-02-18T23:44:49.831Z] <<< HTTP RESPONSE 200
[info] i  functions: preparing functions directory for uploading...
[debug] [2020-02-18T23:44:49.833Z] >>> HTTP REQUEST GET https://runtimeconfig.googleapis.com/v1beta1/projects/antler-vc/configs  
 
[debug] [2020-02-18T23:44:51.443Z] <<< HTTP RESPONSE 200
[debug] [2020-02-18T23:44:51.444Z] >>> HTTP REQUEST GET https://runtimeconfig.googleapis.com/v1beta1/projects/antler-vc/configs/algolia/variables  
 
[debug] [2020-02-18T23:44:51.445Z] >>> HTTP REQUEST GET https://runtimeconfig.googleapis.com/v1beta1/projects/antler-vc/configs/linkedin/variables  
 
[debug] [2020-02-18T23:44:51.445Z] >>> HTTP REQUEST GET https://runtimeconfig.googleapis.com/v1beta1/projects/antler-vc/configs/mattermost-2-config/variables  
 
[debug] [2020-02-18T23:44:52.367Z] <<< HTTP RESPONSE 200
[debug] [2020-02-18T23:44:52.368Z] >>> HTTP REQUEST GET https://runtimeconfig.googleapis.com/v1beta1/projects/antler-vc/configs/mattermost-2-config/variables/status/success/1800472325821932044  
 
[debug] [2020-02-18T23:44:52.375Z] <<< HTTP RESPONSE 200
[debug] [2020-02-18T23:44:52.375Z] >>> HTTP REQUEST GET https://runtimeconfig.googleapis.com/v1beta1/projects/antler-vc/configs/linkedin/variables/client_id  
 
[debug] [2020-02-18T23:44:52.375Z] >>> HTTP REQUEST GET https://runtimeconfig.googleapis.com/v1beta1/projects/antler-vc/configs/linkedin/variables/client_secret  
 
[debug] [2020-02-18T23:44:52.382Z] <<< HTTP RESPONSE 200
[debug] [2020-02-18T23:44:52.382Z] >>> HTTP REQUEST GET https://runtimeconfig.googleapis.com/v1beta1/projects/antler-vc/configs/algolia/variables/app  
 
[debug] [2020-02-18T23:44:52.383Z] >>> HTTP REQUEST GET https://runtimeconfig.googleapis.com/v1beta1/projects/antler-vc/configs/algolia/variables/appid  
 
[debug] [2020-02-18T23:44:52.383Z] >>> HTTP REQUEST GET https://runtimeconfig.googleapis.com/v1beta1/projects/antler-vc/configs/algolia/variables/key  
 
[debug] [2020-02-18T23:44:52.383Z] >>> HTTP REQUEST GET https://runtimeconfig.googleapis.com/v1beta1/projects/antler-vc/configs/algolia/variables/search  
 
[debug] [2020-02-18T23:44:52.383Z] >>> HTTP REQUEST GET https://runtimeconfig.googleapis.com/v1beta1/projects/antler-vc/configs/algolia/variables/apikey  
 
[debug] [2020-02-18T23:44:53.340Z] <<< HTTP RESPONSE 200
[debug] [2020-02-18T23:44:53.377Z] <<< HTTP RESPONSE 200
[debug] [2020-02-18T23:44:53.378Z] <<< HTTP RESPONSE 200
[debug] [2020-02-18T23:44:53.378Z] <<< HTTP RESPONSE 200
[debug] [2020-02-18T23:44:53.384Z] <<< HTTP RESPONSE 200
[debug] [2020-02-18T23:44:53.385Z] <<< HTTP RESPONSE 200
[debug] [2020-02-18T23:44:53.496Z] <<< HTTP RESPONSE 200
[debug] [2020-02-18T23:44:54.230Z] <<< HTTP RESPONSE 200
[info] i  functions: packaged functions (85.64 KB) for uploading
[debug] [2020-02-18T23:44:54.559Z] >>> HTTP REQUEST POST https://cloudfunctions.googleapis.com/v1/projects/antler-vc/locations/us-central1/functions:generateUploadUrl  
 
[debug] [2020-02-18T23:44:56.244Z] <<< HTTP RESPONSE 200
[debug] [2020-02-18T23:44:56.245Z] >>> HTTP REQUEST PUT https://storage.googleapis.com/gcf-upload-us-central1-a29165e7-4a37-4a95-88ef-e74c181f6e81/dceb2894-5df6-426e-9521-e74cd757d185.zip?GoogleAccessId=service-236015562107@gcf-admin-robot.iam.gserviceaccount.com&Expires=1582071295&Signature=h0I5R3ugwBmkGr0bxgpo353%2B0%2BQ6q5SKWJTiZ8pXT1l393FfAtbMvH48XyEGEzhMN%2F1xF9EvvRqd4A86iopdRVb31Ldldx7ue03bmxXFddlVOBGBqVJVMDxhOM8KNYGycJZSv%2Fk5pnnXP5H7iwFGYX3EMA4AzbShkUT%2BZNS4GGAtcuYfHAf19I70O6wM4kHWP0rFFhCY9XxMmf5jm5OQUpwMOZtyeOTrJ%2FPrNxNghj9BEJZ5LCbPb5dtW1D%2BXgEux0xzFG4bED73OgTMPV%2FU05CssEeJpEEMdzoxIKEtBfUQUQ2jIo4Zej1mZMqPBrVw101VgCvDUgN3kkzM2W7reg%3D%3D  
 <request body omitted>
[debug] [2020-02-18T23:44:58.775Z] <<< HTTP RESPONSE 200
[info] ✔  functions: functions folder uploaded successfully
[debug] [2020-02-18T23:44:58.780Z] >>> HTTP REQUEST GET https://cloudfunctions.googleapis.com/v1/projects/antler-vc/locations/-/functions  
 
[debug] [2020-02-18T23:44:59.865Z] <<< HTTP RESPONSE 200
[info] i  functions: updating Node.js 8 function exportTable(us-central1)...
[debug] [2020-02-18T23:44:59.869Z] Trigger is:  {"httpsTrigger":{}}
[info] i  functions: updating Node.js 8 function callable-verifyFounder(us-central1)...
[debug] [2020-02-18T23:44:59.869Z] Trigger is:  {"httpsTrigger":{}}
[info] i  functions: updating Node.js 8 function FT_algolia-founders-onCreate(us-central1)...
[debug] [2020-02-18T23:44:59.869Z] Trigger is:  {"eventTrigger":{"resource":"projects/antler-vc/databases/(default)/documents/founders/{docId}","eventType":"providers/cloud.firestore/eventTypes/document.create","service":"firestore.googleapis.com"}}
[info] i  functions: updating Node.js 8 function FT_algolia-founders-onUpdate(us-central1)...
[debug] [2020-02-18T23:44:59.869Z] Trigger is:  {"eventTrigger":{"resource":"projects/antler-vc/databases/(default)/documents/founders/{docId}","eventType":"providers/cloud.firestore/eventTypes/document.update","service":"firestore.googleapis.com"}}
[info] i  functions: updating Node.js 8 function FT_algolia-founders-onDelete(us-central1)...
[debug] [2020-02-18T23:44:59.870Z] Trigger is:  {"eventTrigger":{"resource":"projects/antler-vc/databases/(default)/documents/founders/{docId}","eventType":"providers/cloud.firestore/eventTypes/document.delete","service":"firestore.googleapis.com"}}
[info] i  functions: updating Node.js 8 function FT_algolia-advisors-onCreate(us-central1)...
[debug] [2020-02-18T23:44:59.870Z] Trigger is:  {"eventTrigger":{"resource":"projects/antler-vc/databases/(default)/documents/advisors/{docId}","eventType":"providers/cloud.firestore/eventTypes/document.create","service":"firestore.googleapis.com"}}
[info] i  functions: updating Node.js 8 function FT_algolia-advisors-onUpdate(us-central1)...
[debug] [2020-02-18T23:44:59.871Z] Trigger is:  {"eventTrigger":{"resource":"projects/antler-vc/databases/(default)/documents/advisors/{docId}","eventType":"providers/cloud.firestore/eventTypes/document.update","service":"firestore.googleapis.com"}}
[info] i  functions: updating Node.js 8 function FT_algolia-advisors-onDelete(us-central1)...
[debug] [2020-02-18T23:44:59.871Z] Trigger is:  {"eventTrigger":{"resource":"projects/antler-vc/databases/(default)/documents/advisors/{docId}","eventType":"providers/cloud.firestore/eventTypes/document.delete","service":"firestore.googleapis.com"}}
[info] i  functions: updating Node.js 8 function FT_algolia-teams-onCreate(us-central1)...
[debug] [2020-02-18T23:44:59.871Z] Trigger is:  {"eventTrigger":{"resource":"projects/antler-vc/databases/(default)/documents/teams/{docId}","eventType":"providers/cloud.firestore/eventTypes/document.create","service":"firestore.googleapis.com"}}
[info] i  functions: updating Node.js 8 function FT_algolia-teams-onUpdate(us-central1)...
[debug] [2020-02-18T23:44:59.872Z] Trigger is:  {"eventTrigger":{"resource":"projects/antler-vc/databases/(default)/documents/teams/{docId}","eventType":"providers/cloud.firestore/eventTypes/document.update","service":"firestore.googleapis.com"}}
[info] i  functions: updating Node.js 8 function FT_algolia-teams-onDelete(us-central1)...
[debug] [2020-02-18T23:44:59.872Z] Trigger is:  {"eventTrigger":{"resource":"projects/antler-vc/databases/(default)/documents/teams/{docId}","eventType":"providers/cloud.firestore/eventTypes/document.delete","service":"firestore.googleapis.com"}}
[info] i  functions: updating Node.js 8 function FT_algolia-cohorts-onCreate(us-central1)...
[debug] [2020-02-18T23:44:59.872Z] Trigger is:  {"eventTrigger":{"resource":"projects/antler-vc/databases/(default)/documents/cohorts/{docId}","eventType":"providers/cloud.firestore/eventTypes/document.create","service":"firestore.googleapis.com"}}
[info] i  functions: updating Node.js 8 function FT_algolia-cohorts-onUpdate(us-central1)...
[debug] [2020-02-18T23:44:59.872Z] Trigger is:  {"eventTrigger":{"resource":"projects/antler-vc/databases/(default)/documents/cohorts/{docId}","eventType":"providers/cloud.firestore/eventTypes/document.update","service":"firestore.googleapis.com"}}
[info] i  functions: updating Node.js 8 function FT_algolia-cohorts-onDelete(us-central1)...
[debug] [2020-02-18T23:44:59.872Z] Trigger is:  {"eventTrigger":{"resource":"projects/antler-vc/databases/(default)/documents/cohorts/{docId}","eventType":"providers/cloud.firestore/eventTypes/document.delete","service":"firestore.googleapis.com"}}
[info] i  functions: updating Node.js 8 function FT_algolia-portfolio-onCreate(us-central1)...
[debug] [2020-02-18T23:44:59.872Z] Trigger is:  {"eventTrigger":{"resource":"projects/antler-vc/databases/(default)/documents/portfolio/{docId}","eventType":"providers/cloud.firestore/eventTypes/document.create","service":"firestore.googleapis.com"}}
[info] i  functions: updating Node.js 8 function FT_algolia-portfolio-onUpdate(us-central1)...
[debug] [2020-02-18T23:44:59.873Z] Trigger is:  {"eventTrigger":{"resource":"projects/antler-vc/databases/(default)/documents/portfolio/{docId}","eventType":"providers/cloud.firestore/eventTypes/document.update","service":"firestore.googleapis.com"}}
[info] i  functions: updating Node.js 8 function FT_algolia-portfolio-onDelete(us-central1)...
[debug] [2020-02-18T23:44:59.873Z] Trigger is:  {"eventTrigger":{"resource":"projects/antler-vc/databases/(default)/documents/portfolio/{docId}","eventType":"providers/cloud.firestore/eventTypes/document.delete","service":"firestore.googleapis.com"}}
[info] i  functions: updating Node.js 8 function FT_sync-myTeam2teams-onCreate(us-central1)...
[debug] [2020-02-18T23:44:59.873Z] Trigger is:  {"eventTrigger":{"resource":"projects/antler-vc/databases/(default)/documents/myTeam/{docId}","eventType":"providers/cloud.firestore/eventTypes/document.create","service":"firestore.googleapis.com"}}
[info] i  functions: updating Node.js 8 function FT_sync-myTeam2teams-onUpdate(us-central1)...
[debug] [2020-02-18T23:44:59.873Z] Trigger is:  {"eventTrigger":{"resource":"projects/antler-vc/databases/(default)/documents/myTeam/{docId}","eventType":"providers/cloud.firestore/eventTypes/document.update","service":"firestore.googleapis.com"}}
[info] i  functions: updating Node.js 8 function FT_sync-profiles2founders-onCreate(us-central1)...
[debug] [2020-02-18T23:44:59.873Z] Trigger is:  {"eventTrigger":{"resource":"projects/antler-vc/databases/(default)/documents/profiles/{docId}","eventType":"providers/cloud.firestore/eventTypes/document.create","service":"firestore.googleapis.com"}}
[info] i  functions: updating Node.js 8 function FT_sync-profiles2founders-onUpdate(us-central1)...
[debug] [2020-02-18T23:44:59.874Z] Trigger is:  {"eventTrigger":{"resource":"projects/antler-vc/databases/(default)/documents/profiles/{docId}","eventType":"providers/cloud.firestore/eventTypes/document.update","service":"firestore.googleapis.com"}}
[info] i  functions: updating Node.js 8 function FT_history-teams(us-central1)...
[debug] [2020-02-18T23:44:59.874Z] Trigger is:  {"eventTrigger":{"resource":"projects/antler-vc/databases/(default)/documents/teams/{docId}","eventType":"providers/cloud.firestore/eventTypes/document.update","service":"firestore.googleapis.com"}}
[info] i  functions: updating Node.js 8 function FT_history-sprintSubmissions(us-central1)...
[debug] [2020-02-18T23:44:59.874Z] Trigger is:  {"eventTrigger":{"resource":"projects/antler-vc/databases/(default)/documents/sprintSubmissions/{docId}","eventType":"providers/cloud.firestore/eventTypes/document.update","service":"firestore.googleapis.com"}}
[info] i  functions: updating Node.js 8 function FT_permissions-userPermissions(us-central1)...
[debug] [2020-02-18T23:44:59.874Z] Trigger is:  {"eventTrigger":{"resource":"projects/antler-vc/databases/(default)/documents/userPermissions/{docId}","eventType":"providers/cloud.firestore/eventTypes/document.update","service":"firestore.googleapis.com"}}
[info] i  functions: updating Node.js 8 function FT_synonyms-cohorts-onCreate(us-central1)...
[debug] [2020-02-18T23:44:59.874Z] Trigger is:  {"eventTrigger":{"resource":"projects/antler-vc/databases/(default)/documents/cohorts/{docId}","eventType":"providers/cloud.firestore/eventTypes/document.create","service":"firestore.googleapis.com"}}
[info] i  functions: updating Node.js 8 function FT_synonyms-cohorts-onUpdate(us-central1)...
[debug] [2020-02-18T23:44:59.874Z] Trigger is:  {"eventTrigger":{"resource":"projects/antler-vc/databases/(default)/documents/cohorts/{docId}","eventType":"providers/cloud.firestore/eventTypes/document.update","service":"firestore.googleapis.com"}}
[info] i  functions: updating Node.js 8 function FT_synonyms-portfolio-onCreate(us-central1)...
[debug] [2020-02-18T23:44:59.882Z] Trigger is:  {"eventTrigger":{"resource":"projects/antler-vc/databases/(default)/documents/portfolio/{docId}","eventType":"providers/cloud.firestore/eventTypes/document.create","service":"firestore.googleapis.com"}}
[info] i  functions: updating Node.js 8 function FT_synonyms-portfolio-onUpdate(us-central1)...
[debug] [2020-02-18T23:44:59.882Z] Trigger is:  {"eventTrigger":{"resource":"projects/antler-vc/databases/(default)/documents/portfolio/{docId}","eventType":"providers/cloud.firestore/eventTypes/document.update","service":"firestore.googleapis.com"}}
[info] i  functions: updating Node.js 8 function FT_synonyms-hubResources-onCreate(us-central1)...
[debug] [2020-02-18T23:44:59.883Z] Trigger is:  {"eventTrigger":{"resource":"projects/antler-vc/databases/(default)/documents/hubResources/{docId}","eventType":"providers/cloud.firestore/eventTypes/document.create","service":"firestore.googleapis.com"}}
[info] i  functions: updating Node.js 8 function FT_synonyms-hubResources-onUpdate(us-central1)...
[debug] [2020-02-18T23:44:59.883Z] Trigger is:  {"eventTrigger":{"resource":"projects/antler-vc/databases/(default)/documents/hubResources/{docId}","eventType":"providers/cloud.firestore/eventTypes/document.update","service":"firestore.googleapis.com"}}
[info] i  functions: updating Node.js 8 function FT_synonyms-profiles-onCreate(us-central1)...
[debug] [2020-02-18T23:44:59.883Z] Trigger is:  {"eventTrigger":{"resource":"projects/antler-vc/databases/(default)/documents/profiles/{docId}","eventType":"providers/cloud.firestore/eventTypes/document.create","service":"firestore.googleapis.com"}}
[info] i  functions: updating Node.js 8 function FT_synonyms-profiles-onUpdate(us-central1)...
[debug] [2020-02-18T23:44:59.883Z] Trigger is:  {"eventTrigger":{"resource":"projects/antler-vc/databases/(default)/documents/profiles/{docId}","eventType":"providers/cloud.firestore/eventTypes/document.update","service":"firestore.googleapis.com"}}
[info] i  functions: updating Node.js 8 function FT_synonyms-teams-onCreate(us-central1)...
[debug] [2020-02-18T23:44:59.883Z] Trigger is:  {"eventTrigger":{"resource":"projects/antler-vc/databases/(default)/documents/teams/{docId}","eventType":"providers/cloud.firestore/eventTypes/document.create","service":"firestore.googleapis.com"}}
[info] i  functions: updating Node.js 8 function FT_synonyms-teams-onUpdate(us-central1)...
[debug] [2020-02-18T23:44:59.884Z] Trigger is:  {"eventTrigger":{"resource":"projects/antler-vc/databases/(default)/documents/teams/{docId}","eventType":"providers/cloud.firestore/eventTypes/document.update","service":"firestore.googleapis.com"}}
[info] i  functions: updating Node.js 8 function FT_synonyms-sprintSubmissions-onCreate(us-central1)...
[debug] [2020-02-18T23:44:59.884Z] Trigger is:  {"eventTrigger":{"resource":"projects/antler-vc/databases/(default)/documents/sprintSubmissions/{docId}","eventType":"providers/cloud.firestore/eventTypes/document.create","service":"firestore.googleapis.com"}}
[info] i  functions: updating Node.js 8 function FT_synonyms-sprintSubmissions-onUpdate(us-central1)...
[debug] [2020-02-18T23:44:59.884Z] Trigger is:  {"eventTrigger":{"resource":"projects/antler-vc/databases/(default)/documents/sprintSubmissions/{docId}","eventType":"providers/cloud.firestore/eventTypes/document.update","service":"firestore.googleapis.com"}}
[info] i  functions: updating Node.js 8 function FT_synonyms-trackoutApplications-onCreate(us-central1)...
[debug] [2020-02-18T23:44:59.884Z] Trigger is:  {"eventTrigger":{"resource":"projects/antler-vc/databases/(default)/documents/trackoutApplications/{docId}","eventType":"providers/cloud.firestore/eventTypes/document.create","service":"firestore.googleapis.com"}}
[info] i  functions: updating Node.js 8 function FT_synonyms-trackoutApplications-onUpdate(us-central1)...
[debug] [2020-02-18T23:44:59.884Z] Trigger is:  {"eventTrigger":{"resource":"projects/antler-vc/databases/(default)/documents/trackoutApplications/{docId}","eventType":"providers/cloud.firestore/eventTypes/document.update","service":"firestore.googleapis.com"}}
[info] i  functions: updating Node.js 8 function FT_synonyms-portfolioEnquiries-onCreate(us-central1)...
[debug] [2020-02-18T23:44:59.884Z] Trigger is:  {"eventTrigger":{"resource":"projects/antler-vc/databases/(default)/documents/portfolioEnquiries/{docId}","eventType":"providers/cloud.firestore/eventTypes/document.create","service":"firestore.googleapis.com"}}
[info] i  functions: updating Node.js 8 function FT_synonyms-portfolioEnquiries-onUpdate(us-central1)...
[debug] [2020-02-18T23:44:59.886Z] Trigger is:  {"eventTrigger":{"resource":"projects/antler-vc/databases/(default)/documents/portfolioEnquiries/{docId}","eventType":"providers/cloud.firestore/eventTypes/document.update","service":"firestore.googleapis.com"}}
[info] 
The following functions are found in your project but do not exist in your local source code:
	dropoutAccount(us-central1)
	formCompiler(us-central1)
	getJWTWithIdToken(us-central1)
	getJWTWithUID(us-central1)
	teamMembersChange(us-central1)
	teamRensaed(us-central1)
	trackOutConfirmation(us-central1)

If you are renaming a function or changing its region, it is recommended that you create the new function first before deleting the old one to prevent event loss. For more info, visit https://firebase.google.com/docs/functions/manage-functions#modify

[info] i  functions: continuing with other deployments.
[debug] [2020-02-18T23:45:05.749Z] >>> HTTP REQUEST GET https://serviceusage.googleapis.com/v1/projects/antler-vc/services/cloudscheduler.googleapis.com  
 
[debug] [2020-02-18T23:45:07.679Z] <<< HTTP RESPONSE 200
[info] ✔  scheduler: all necessary APIs are enabled
[debug] [2020-02-18T23:45:07.685Z] >>> HTTP REQUEST PATCH https://cloudfunctions.googleapis.com/v1/projects/antler-vc/locations/us-central1/functions/exportTable {"updateMask":"sourceUploadUrl,name,labels,runtime,httpsTrigger"} 

[debug] [2020-02-18T23:45:07.687Z] >>> HTTP REQUEST PATCH https://cloudfunctions.googleapis.com/v1/projects/antler-vc/locations/us-central1/functions/callable-verifyFounder {"updateMask":"sourceUploadUrl,name,labels,runtime,httpsTrigger"} 

[debug] [2020-02-18T23:45:07.687Z] >>> HTTP REQUEST PATCH https://cloudfunctions.googleapis.com/v1/projects/antler-vc/locations/us-central1/functions/FT_algolia-founders-onCreate {"updateMask":"sourceUploadUrl,name,labels,runtime,eventTrigger.resource,eventTrigger.eventType,eventTrigger.service"} 

[debug] [2020-02-18T23:45:07.688Z] >>> HTTP REQUEST PATCH https://cloudfunctions.googleapis.com/v1/projects/antler-vc/locations/us-central1/functions/FT_algolia-founders-onUpdate {"updateMask":"sourceUploadUrl,name,labels,runtime,eventTrigger.resource,eventTrigger.eventType,eventTrigger.service"} 

[debug] [2020-02-18T23:45:07.688Z] >>> HTTP REQUEST PATCH https://cloudfunctions.googleapis.com/v1/projects/antler-vc/locations/us-central1/functions/FT_algolia-founders-onDelete {"updateMask":"sourceUploadUrl,name,labels,runtime,eventTrigger.resource,eventTrigger.eventType,eventTrigger.service"} 

[debug] [2020-02-18T23:45:07.690Z] >>> HTTP REQUEST PATCH https://cloudfunctions.googleapis.com/v1/projects/antler-vc/locations/us-central1/functions/FT_algolia-advisors-onCreate {"updateMask":"sourceUploadUrl,name,labels,runtime,eventTrigger.resource,eventTrigger.eventType,eventTrigger.service"} 

[debug] [2020-02-18T23:45:07.690Z] >>> HTTP REQUEST PATCH https://cloudfunctions.googleapis.com/v1/projects/antler-vc/locations/us-central1/functions/FT_algolia-advisors-onUpdate {"updateMask":"sourceUploadUrl,name,labels,runtime,eventTrigger.resource,eventTrigger.eventType,eventTrigger.service"} 

[debug] [2020-02-18T23:45:07.691Z] >>> HTTP REQUEST PATCH https://cloudfunctions.googleapis.com/v1/projects/antler-vc/locations/us-central1/functions/FT_algolia-advisors-onDelete {"updateMask":"sourceUploadUrl,name,labels,runtime,eventTrigger.resource,eventTrigger.eventType,eventTrigger.service"} 

[debug] [2020-02-18T23:45:07.691Z] >>> HTTP REQUEST PATCH https://cloudfunctions.googleapis.com/v1/projects/antler-vc/locations/us-central1/functions/FT_algolia-teams-onCreate {"updateMask":"sourceUploadUrl,name,labels,runtime,eventTrigger.resource,eventTrigger.eventType,eventTrigger.service"} 

[debug] [2020-02-18T23:45:07.691Z] >>> HTTP REQUEST PATCH https://cloudfunctions.googleapis.com/v1/projects/antler-vc/locations/us-central1/functions/FT_algolia-teams-onUpdate {"updateMask":"sourceUploadUrl,name,labels,runtime,eventTrigger.resource,eventTrigger.eventType,eventTrigger.service"} 

[debug] [2020-02-18T23:45:07.692Z] >>> HTTP REQUEST PATCH https://cloudfunctions.googleapis.com/v1/projects/antler-vc/locations/us-central1/functions/FT_algolia-teams-onDelete {"updateMask":"sourceUploadUrl,name,labels,runtime,eventTrigger.resource,eventTrigger.eventType,eventTrigger.service"} 

[debug] [2020-02-18T23:45:07.692Z] >>> HTTP REQUEST PATCH https://cloudfunctions.googleapis.com/v1/projects/antler-vc/locations/us-central1/functions/FT_algolia-cohorts-onCreate {"updateMask":"sourceUploadUrl,name,labels,runtime,eventTrigger.resource,eventTrigger.eventType,eventTrigger.service"} 

[debug] [2020-02-18T23:45:07.693Z] >>> HTTP REQUEST PATCH https://cloudfunctions.googleapis.com/v1/projects/antler-vc/locations/us-central1/functions/FT_algolia-cohorts-onUpdate {"updateMask":"sourceUploadUrl,name,labels,runtime,eventTrigger.resource,eventTrigger.eventType,eventTrigger.service"} 

[debug] [2020-02-18T23:45:07.695Z] >>> HTTP REQUEST PATCH https://cloudfunctions.googleapis.com/v1/projects/antler-vc/locations/us-central1/functions/FT_algolia-cohorts-onDelete {"updateMask":"sourceUploadUrl,name,labels,runtime,eventTrigger.resource,eventTrigger.eventType,eventTrigger.service"} 

[debug] [2020-02-18T23:45:07.696Z] >>> HTTP REQUEST PATCH https://cloudfunctions.googleapis.com/v1/projects/antler-vc/locations/us-central1/functions/FT_algolia-portfolio-onCreate {"updateMask":"sourceUploadUrl,name,labels,runtime,eventTrigger.resource,eventTrigger.eventType,eventTrigger.service"} 

[debug] [2020-02-18T23:45:07.696Z] >>> HTTP REQUEST PATCH https://cloudfunctions.googleapis.com/v1/projects/antler-vc/locations/us-central1/functions/FT_algolia-portfolio-onUpdate {"updateMask":"sourceUploadUrl,name,labels,runtime,eventTrigger.resource,eventTrigger.eventType,eventTrigger.service"} 

[debug] [2020-02-18T23:45:07.697Z] >>> HTTP REQUEST PATCH https://cloudfunctions.googleapis.com/v1/projects/antler-vc/locations/us-central1/functions/FT_algolia-portfolio-onDelete {"updateMask":"sourceUploadUrl,name,labels,runtime,eventTrigger.resource,eventTrigger.eventType,eventTrigger.service"} 

[debug] [2020-02-18T23:45:07.697Z] >>> HTTP REQUEST PATCH https://cloudfunctions.googleapis.com/v1/projects/antler-vc/locations/us-central1/functions/FT_sync-myTeam2teams-onCreate {"updateMask":"sourceUploadUrl,name,labels,runtime,eventTrigger.resource,eventTrigger.eventType,eventTrigger.service"} 

[debug] [2020-02-18T23:45:07.697Z] >>> HTTP REQUEST PATCH https://cloudfunctions.googleapis.com/v1/projects/antler-vc/locations/us-central1/functions/FT_sync-myTeam2teams-onUpdate {"updateMask":"sourceUploadUrl,name,labels,runtime,eventTrigger.resource,eventTrigger.eventType,eventTrigger.service"} 

[debug] [2020-02-18T23:45:07.698Z] >>> HTTP REQUEST PATCH https://cloudfunctions.googleapis.com/v1/projects/antler-vc/locations/us-central1/functions/FT_sync-profiles2founders-onCreate {"updateMask":"sourceUploadUrl,name,labels,runtime,eventTrigger.resource,eventTrigger.eventType,eventTrigger.service"} 

[debug] [2020-02-18T23:45:07.698Z] >>> HTTP REQUEST PATCH https://cloudfunctions.googleapis.com/v1/projects/antler-vc/locations/us-central1/functions/FT_sync-profiles2founders-onUpdate {"updateMask":"sourceUploadUrl,name,labels,runtime,eventTrigger.resource,eventTrigger.eventType,eventTrigger.service"} 

[debug] [2020-02-18T23:45:07.699Z] >>> HTTP REQUEST PATCH https://cloudfunctions.googleapis.com/v1/projects/antler-vc/locations/us-central1/functions/FT_history-teams {"updateMask":"sourceUploadUrl,name,labels,runtime,eventTrigger.resource,eventTrigger.eventType,eventTrigger.service"} 

[debug] [2020-02-18T23:45:07.699Z] >>> HTTP REQUEST PATCH https://cloudfunctions.googleapis.com/v1/projects/antler-vc/locations/us-central1/functions/FT_history-sprintSubmissions {"updateMask":"sourceUploadUrl,name,labels,runtime,eventTrigger.resource,eventTrigger.eventType,eventTrigger.service"} 

[debug] [2020-02-18T23:45:07.699Z] >>> HTTP REQUEST PATCH https://cloudfunctions.googleapis.com/v1/projects/antler-vc/locations/us-central1/functions/FT_permissions-userPermissions {"updateMask":"sourceUploadUrl,name,labels,runtime,eventTrigger.resource,eventTrigger.eventType,eventTrigger.service"} 

[debug] [2020-02-18T23:45:07.700Z] >>> HTTP REQUEST PATCH https://cloudfunctions.googleapis.com/v1/projects/antler-vc/locations/us-central1/functions/FT_synonyms-cohorts-onCreate {"updateMask":"sourceUploadUrl,name,labels,runtime,eventTrigger.resource,eventTrigger.eventType,eventTrigger.service"} 

[debug] [2020-02-18T23:45:07.700Z] >>> HTTP REQUEST PATCH https://cloudfunctions.googleapis.com/v1/projects/antler-vc/locations/us-central1/functions/FT_synonyms-cohorts-onUpdate {"updateMask":"sourceUploadUrl,name,labels,runtime,eventTrigger.resource,eventTrigger.eventType,eventTrigger.service"} 

[debug] [2020-02-18T23:45:07.702Z] >>> HTTP REQUEST PATCH https://cloudfunctions.googleapis.com/v1/projects/antler-vc/locations/us-central1/functions/FT_synonyms-portfolio-onCreate {"updateMask":"sourceUploadUrl,name,labels,runtime,eventTrigger.resource,eventTrigger.eventType,eventTrigger.service"} 

[debug] [2020-02-18T23:45:07.702Z] >>> HTTP REQUEST PATCH https://cloudfunctions.googleapis.com/v1/projects/antler-vc/locations/us-central1/functions/FT_synonyms-portfolio-onUpdate {"updateMask":"sourceUploadUrl,name,labels,runtime,eventTrigger.resource,eventTrigger.eventType,eventTrigger.service"} 

[debug] [2020-02-18T23:45:07.702Z] >>> HTTP REQUEST PATCH https://cloudfunctions.googleapis.com/v1/projects/antler-vc/locations/us-central1/functions/FT_synonyms-hubResources-onCreate {"updateMask":"sourceUploadUrl,name,labels,runtime,eventTrigger.resource,eventTrigger.eventType,eventTrigger.service"} 

[debug] [2020-02-18T23:45:07.703Z] >>> HTTP REQUEST PATCH https://cloudfunctions.googleapis.com/v1/projects/antler-vc/locations/us-central1/functions/FT_synonyms-hubResources-onUpdate {"updateMask":"sourceUploadUrl,name,labels,runtime,eventTrigger.resource,eventTrigger.eventType,eventTrigger.service"} 

[debug] [2020-02-18T23:45:07.703Z] >>> HTTP REQUEST PATCH https://cloudfunctions.googleapis.com/v1/projects/antler-vc/locations/us-central1/functions/FT_synonyms-profiles-onCreate {"updateMask":"sourceUploadUrl,name,labels,runtime,eventTrigger.resource,eventTrigger.eventType,eventTrigger.service"} 

[debug] [2020-02-18T23:45:07.704Z] >>> HTTP REQUEST PATCH https://cloudfunctions.googleapis.com/v1/projects/antler-vc/locations/us-central1/functions/FT_synonyms-profiles-onUpdate {"updateMask":"sourceUploadUrl,name,labels,runtime,eventTrigger.resource,eventTrigger.eventType,eventTrigger.service"} 

[debug] [2020-02-18T23:45:07.704Z] >>> HTTP REQUEST PATCH https://cloudfunctions.googleapis.com/v1/projects/antler-vc/locations/us-central1/functions/FT_synonyms-teams-onCreate {"updateMask":"sourceUploadUrl,name,labels,runtime,eventTrigger.resource,eventTrigger.eventType,eventTrigger.service"} 

[debug] [2020-02-18T23:45:07.704Z] >>> HTTP REQUEST PATCH https://cloudfunctions.googleapis.com/v1/projects/antler-vc/locations/us-central1/functions/FT_synonyms-teams-onUpdate {"updateMask":"sourceUploadUrl,name,labels,runtime,eventTrigger.resource,eventTrigger.eventType,eventTrigger.service"} 

[debug] [2020-02-18T23:45:07.705Z] >>> HTTP REQUEST PATCH https://cloudfunctions.googleapis.com/v1/projects/antler-vc/locations/us-central1/functions/FT_synonyms-sprintSubmissions-onCreate {"updateMask":"sourceUploadUrl,name,labels,runtime,eventTrigger.resource,eventTrigger.eventType,eventTrigger.service"} 

[debug] [2020-02-18T23:45:07.705Z] >>> HTTP REQUEST PATCH https://cloudfunctions.googleapis.com/v1/projects/antler-vc/locations/us-central1/functions/FT_synonyms-sprintSubmissions-onUpdate {"updateMask":"sourceUploadUrl,name,labels,runtime,eventTrigger.resource,eventTrigger.eventType,eventTrigger.service"} 

[debug] [2020-02-18T23:45:07.706Z] >>> HTTP REQUEST PATCH https://cloudfunctions.googleapis.com/v1/projects/antler-vc/locations/us-central1/functions/FT_synonyms-trackoutApplications-onCreate {"updateMask":"sourceUploadUrl,name,labels,runtime,eventTrigger.resource,eventTrigger.eventType,eventTrigger.service"} 

[debug] [2020-02-18T23:45:07.706Z] >>> HTTP REQUEST PATCH https://cloudfunctions.googleapis.com/v1/projects/antler-vc/locations/us-central1/functions/FT_synonyms-trackoutApplications-onUpdate {"updateMask":"sourceUploadUrl,name,labels,runtime,eventTrigger.resource,eventTrigger.eventType,eventTrigger.service"} 

[debug] [2020-02-18T23:45:07.706Z] >>> HTTP REQUEST PATCH https://cloudfunctions.googleapis.com/v1/projects/antler-vc/locations/us-central1/functions/FT_synonyms-portfolioEnquiries-onCreate {"updateMask":"sourceUploadUrl,name,labels,runtime,eventTrigger.resource,eventTrigger.eventType,eventTrigger.service"} 

[debug] [2020-02-18T23:45:07.707Z] >>> HTTP REQUEST PATCH https://cloudfunctions.googleapis.com/v1/projects/antler-vc/locations/us-central1/functions/FT_synonyms-portfolioEnquiries-onUpdate {"updateMask":"sourceUploadUrl,name,labels,runtime,eventTrigger.resource,eventTrigger.eventType,eventTrigger.service"} 

[debug] [2020-02-18T23:45:09.052Z] <<< HTTP RESPONSE 200
[debug] [2020-02-18T23:45:09.065Z] <<< HTTP RESPONSE 200
[debug] [2020-02-18T23:45:09.067Z] <<< HTTP RESPONSE 200
[debug] [2020-02-18T23:45:09.068Z] <<< HTTP RESPONSE 200
[debug] [2020-02-18T23:45:09.088Z] <<< HTTP RESPONSE 200
[debug] [2020-02-18T23:45:09.090Z] <<< HTTP RESPONSE 200
[debug] [2020-02-18T23:45:09.123Z] <<< HTTP RESPONSE 200
[debug] [2020-02-18T23:45:09.211Z] <<< HTTP RESPONSE 200
[debug] [2020-02-18T23:45:09.212Z] <<< HTTP RESPONSE 200
[debug] [2020-02-18T23:45:09.215Z] <<< HTTP RESPONSE 200
[debug] [2020-02-18T23:45:09.227Z] <<< HTTP RESPONSE 200
[debug] [2020-02-18T23:45:09.228Z] <<< HTTP RESPONSE 200
[debug] [2020-02-18T23:45:09.231Z] <<< HTTP RESPONSE 200
[debug] [2020-02-18T23:45:09.286Z] <<< HTTP RESPONSE 200
[debug] [2020-02-18T23:45:09.287Z] <<< HTTP RESPONSE 200
[debug] [2020-02-18T23:45:09.292Z] <<< HTTP RESPONSE 200
[debug] [2020-02-18T23:45:09.337Z] <<< HTTP RESPONSE 200
[debug] [2020-02-18T23:45:09.338Z] <<< HTTP RESPONSE 200
[debug] [2020-02-18T23:45:09.358Z] <<< HTTP RESPONSE 200
[debug] [2020-02-18T23:45:09.442Z] <<< HTTP RESPONSE 200
[debug] [2020-02-18T23:45:09.443Z] <<< HTTP RESPONSE 200
[debug] [2020-02-18T23:45:09.445Z] <<< HTTP RESPONSE 200
[debug] [2020-02-18T23:45:09.466Z] <<< HTTP RESPONSE 200
[debug] [2020-02-18T23:45:09.478Z] <<< HTTP RESPONSE 200
[debug] [2020-02-18T23:45:09.479Z] <<< HTTP RESPONSE 200
[debug] [2020-02-18T23:45:09.481Z] <<< HTTP RESPONSE 200
[debug] [2020-02-18T23:45:09.498Z] <<< HTTP RESPONSE 200
[debug] [2020-02-18T23:45:09.499Z] <<< HTTP RESPONSE 200
[debug] [2020-02-18T23:45:09.983Z] <<< HTTP RESPONSE 200
[debug] [2020-02-18T23:45:09.991Z] <<< HTTP RESPONSE 200
[debug] [2020-02-18T23:45:09.996Z] <<< HTTP RESPONSE 200
[debug] [2020-02-18T23:45:10.008Z] <<< HTTP RESPONSE 200
[debug] [2020-02-18T23:45:10.213Z] <<< HTTP RESPONSE 200
[debug] [2020-02-18T23:45:10.218Z] <<< HTTP RESPONSE 200
[debug] [2020-02-18T23:45:10.339Z] <<< HTTP RESPONSE 200
[debug] [2020-02-18T23:45:10.656Z] <<< HTTP RESPONSE 200
[debug] [2020-02-18T23:45:10.694Z] <<< HTTP RESPONSE 200
[debug] [2020-02-18T23:45:10.698Z] <<< HTTP RESPONSE 200
[debug] [2020-02-18T23:45:10.731Z] <<< HTTP RESPONSE 200
[debug] [2020-02-18T23:45:10.928Z] <<< HTTP RESPONSE 200
[debug] [2020-02-18T23:45:10.929Z] >>> HTTP REQUEST GET https://cloudfunctions.googleapis.com/v1/projects/antler-vc/locations/-/functions  
 
[debug] [2020-02-18T23:45:15.520Z] <<< HTTP RESPONSE 200
[debug] [2020-02-18T23:45:15.523Z] >>> HTTP REQUEST GET https://cloudfunctions.googleapis.com/v1/operations/YW50bGVyLXZjL3VzLWNlbnRyYWwxL2V4cG9ydFRhYmxlL2Z4U3FiRDlfNEFn  
 
[debug] [2020-02-18T23:45:15.523Z] >>> HTTP REQUEST GET https://cloudfunctions.googleapis.com/v1/operations/YW50bGVyLXZjL3VzLWNlbnRyYWwxL2NhbGxhYmxlLXZlcmlmeUZvdW5kZXIvck81dTAxOEh1Wkk  
 
[debug] [2020-02-18T23:45:15.524Z] >>> HTTP REQUEST GET https://cloudfunctions.googleapis.com/v1/operations/YW50bGVyLXZjL3VzLWNlbnRyYWwxL0ZUX2FsZ29saWEtZm91bmRlcnMtb25DcmVhdGUvLWJyQU93djVXbGc  
 
[debug] [2020-02-18T23:45:15.525Z] >>> HTTP REQUEST GET https://cloudfunctions.googleapis.com/v1/operations/YW50bGVyLXZjL3VzLWNlbnRyYWwxL0ZUX2FsZ29saWEtZm91bmRlcnMtb25VcGRhdGUvZFJJSlpQYlN3NUk  
 
[debug] [2020-02-18T23:45:15.525Z] >>> HTTP REQUEST GET https://cloudfunctions.googleapis.com/v1/operations/YW50bGVyLXZjL3VzLWNlbnRyYWwxL0ZUX2FsZ29saWEtZm91bmRlcnMtb25EZWxldGUvMHltbVZFbnFuVnc  
 
[debug] [2020-02-18T23:45:15.525Z] >>> HTTP REQUEST GET https://cloudfunctions.googleapis.com/v1/operations/YW50bGVyLXZjL3VzLWNlbnRyYWwxL0ZUX2FsZ29saWEtYWR2aXNvcnMtb25DcmVhdGUvQWVROXZqLWFQbTA  
 
[debug] [2020-02-18T23:45:15.525Z] >>> HTTP REQUEST GET https://cloudfunctions.googleapis.com/v1/operations/YW50bGVyLXZjL3VzLWNlbnRyYWwxL0ZUX2FsZ29saWEtYWR2aXNvcnMtb25VcGRhdGUvWThmUUV5N3Fabk0  
 
[debug] [2020-02-18T23:45:15.525Z] >>> HTTP REQUEST GET https://cloudfunctions.googleapis.com/v1/operations/YW50bGVyLXZjL3VzLWNlbnRyYWwxL0ZUX2FsZ29saWEtYWR2aXNvcnMtb25EZWxldGUvV0RURVFGRV8tMVk  
 
[debug] [2020-02-18T23:45:15.525Z] >>> HTTP REQUEST GET https://cloudfunctions.googleapis.com/v1/operations/YW50bGVyLXZjL3VzLWNlbnRyYWwxL0ZUX2FsZ29saWEtdGVhbXMtb25DcmVhdGUvY3lTbzYzempLb3M  
 
[debug] [2020-02-18T23:45:15.526Z] >>> HTTP REQUEST GET https://cloudfunctions.googleapis.com/v1/operations/YW50bGVyLXZjL3VzLWNlbnRyYWwxL0ZUX2FsZ29saWEtdGVhbXMtb25VcGRhdGUva1JGWjM0VDRuVmM  
 
[debug] [2020-02-18T23:45:15.526Z] >>> HTTP REQUEST GET https://cloudfunctions.googleapis.com/v1/operations/YW50bGVyLXZjL3VzLWNlbnRyYWwxL0ZUX2FsZ29saWEtdGVhbXMtb25EZWxldGUvcjZnS21ySHJZNVk  
 
[debug] [2020-02-18T23:45:15.526Z] >>> HTTP REQUEST GET https://cloudfunctions.googleapis.com/v1/operations/YW50bGVyLXZjL3VzLWNlbnRyYWwxL0ZUX2FsZ29saWEtY29ob3J0cy1vbkNyZWF0ZS84b2R5emM0WTVGYw  
 
[debug] [2020-02-18T23:45:15.527Z] >>> HTTP REQUEST GET https://cloudfunctions.googleapis.com/v1/operations/YW50bGVyLXZjL3VzLWNlbnRyYWwxL0ZUX2FsZ29saWEtY29ob3J0cy1vblVwZGF0ZS9VbHBmQjNMaFdTZw  
 
[debug] [2020-02-18T23:45:15.527Z] >>> HTTP REQUEST GET https://cloudfunctions.googleapis.com/v1/operations/YW50bGVyLXZjL3VzLWNlbnRyYWwxL0ZUX2FsZ29saWEtY29ob3J0cy1vbkRlbGV0ZS8wZ0pBNVJQRjFqVQ  
 
[debug] [2020-02-18T23:45:15.527Z] >>> HTTP REQUEST GET https://cloudfunctions.googleapis.com/v1/operations/YW50bGVyLXZjL3VzLWNlbnRyYWwxL0ZUX2FsZ29saWEtcG9ydGZvbGlvLW9uQ3JlYXRlL2JEdjk4Sko2Vl8w  
 
[debug] [2020-02-18T23:45:15.527Z] >>> HTTP REQUEST GET https://cloudfunctions.googleapis.com/v1/operations/YW50bGVyLXZjL3VzLWNlbnRyYWwxL0ZUX2FsZ29saWEtcG9ydGZvbGlvLW9uVXBkYXRlL19fYWZzb1pKV0Rr  
 
[debug] [2020-02-18T23:45:15.527Z] >>> HTTP REQUEST GET https://cloudfunctions.googleapis.com/v1/operations/YW50bGVyLXZjL3VzLWNlbnRyYWwxL0ZUX2FsZ29saWEtcG9ydGZvbGlvLW9uRGVsZXRlL2FpNnNlamwwZlNR  
 
[debug] [2020-02-18T23:45:15.528Z] >>> HTTP REQUEST GET https://cloudfunctions.googleapis.com/v1/operations/YW50bGVyLXZjL3VzLWNlbnRyYWwxL0ZUX3N5bmMtbXlUZWFtMnRlYW1zLW9uQ3JlYXRlL1FGSWRkblloc3Vn  
 
[debug] [2020-02-18T23:45:15.528Z] >>> HTTP REQUEST GET https://cloudfunctions.googleapis.com/v1/operations/YW50bGVyLXZjL3VzLWNlbnRyYWwxL0ZUX3N5bmMtbXlUZWFtMnRlYW1zLW9uVXBkYXRlL0otR1J3NjVCNkww  
 
[debug] [2020-02-18T23:45:15.528Z] >>> HTTP REQUEST GET https://cloudfunctions.googleapis.com/v1/operations/YW50bGVyLXZjL3VzLWNlbnRyYWwxL0ZUX3N5bmMtcHJvZmlsZXMyZm91bmRlcnMtb25DcmVhdGUvT1JRclZ6RTBsbG8  
 
[debug] [2020-02-18T23:45:15.528Z] >>> HTTP REQUEST GET https://cloudfunctions.googleapis.com/v1/operations/YW50bGVyLXZjL3VzLWNlbnRyYWwxL0ZUX3N5bmMtcHJvZmlsZXMyZm91bmRlcnMtb25VcGRhdGUvLWd6RW0wM2RRbUE  
 
[debug] [2020-02-18T23:45:15.528Z] >>> HTTP REQUEST GET https://cloudfunctions.googleapis.com/v1/operations/YW50bGVyLXZjL3VzLWNlbnRyYWwxL0ZUX2hpc3RvcnktdGVhbXMvbVNPUjhpOGlDbUU  
 
[debug] [2020-02-18T23:45:15.528Z] >>> HTTP REQUEST GET https://cloudfunctions.googleapis.com/v1/operations/YW50bGVyLXZjL3VzLWNlbnRyYWwxL0ZUX2hpc3Rvcnktc3ByaW50U3VibWlzc2lvbnMvY3FyVEgxdEJYUFE  
 
[debug] [2020-02-18T23:45:15.529Z] >>> HTTP REQUEST GET https://cloudfunctions.googleapis.com/v1/operations/YW50bGVyLXZjL3VzLWNlbnRyYWwxL0ZUX3Blcm1pc3Npb25zLXVzZXJQZXJtaXNzaW9ucy9KZDFhdWhmeVNncw  
 
[debug] [2020-02-18T23:45:15.529Z] >>> HTTP REQUEST GET https://cloudfunctions.googleapis.com/v1/operations/YW50bGVyLXZjL3VzLWNlbnRyYWwxL0ZUX3N5bm9ueW1zLWNvaG9ydHMtb25DcmVhdGUvendPSlZTbEM0cms  
 
[debug] [2020-02-18T23:45:15.529Z] >>> HTTP REQUEST GET https://cloudfunctions.googleapis.com/v1/operations/YW50bGVyLXZjL3VzLWNlbnRyYWwxL0ZUX3N5bm9ueW1zLWNvaG9ydHMtb25VcGRhdGUvZWI1OUZWaU9DbkE  
 
[debug] [2020-02-18T23:45:15.529Z] >>> HTTP REQUEST GET https://cloudfunctions.googleapis.com/v1/operations/YW50bGVyLXZjL3VzLWNlbnRyYWwxL0ZUX3N5bm9ueW1zLXBvcnRmb2xpby1vbkNyZWF0ZS9kSDZhZXZBalhxMA  
 
[debug] [2020-02-18T23:45:15.529Z] >>> HTTP REQUEST GET https://cloudfunctions.googleapis.com/v1/operations/YW50bGVyLXZjL3VzLWNlbnRyYWwxL0ZUX3N5bm9ueW1zLXBvcnRmb2xpby1vblVwZGF0ZS9tSUl4WWhrUF8wbw  
 
[debug] [2020-02-18T23:45:15.530Z] >>> HTTP REQUEST GET https://cloudfunctions.googleapis.com/v1/operations/YW50bGVyLXZjL3VzLWNlbnRyYWwxL0ZUX3N5bm9ueW1zLWh1YlJlc291cmNlcy1vbkNyZWF0ZS9uRVdiSTg1dzE5SQ  
 
[debug] [2020-02-18T23:45:15.530Z] >>> HTTP REQUEST GET https://cloudfunctions.googleapis.com/v1/operations/YW50bGVyLXZjL3VzLWNlbnRyYWwxL0ZUX3N5bm9ueW1zLWh1YlJlc291cmNlcy1vblVwZGF0ZS9RRTRVWWlYdGpkVQ  
 
[debug] [2020-02-18T23:45:15.530Z] >>> HTTP REQUEST GET https://cloudfunctions.googleapis.com/v1/operations/YW50bGVyLXZjL3VzLWNlbnRyYWwxL0ZUX3N5bm9ueW1zLXByb2ZpbGVzLW9uQ3JlYXRlL0RpWG5iWE1tcE1R  
 
[debug] [2020-02-18T23:45:15.530Z] >>> HTTP REQUEST GET https://cloudfunctions.googleapis.com/v1/operations/YW50bGVyLXZjL3VzLWNlbnRyYWwxL0ZUX3N5bm9ueW1zLXByb2ZpbGVzLW9uVXBkYXRlL2VVcE9UOTdycElJ  
 
[debug] [2020-02-18T23:45:15.530Z] >>> HTTP REQUEST GET https://cloudfunctions.googleapis.com/v1/operations/YW50bGVyLXZjL3VzLWNlbnRyYWwxL0ZUX3N5bm9ueW1zLXRlYW1zLW9uQ3JlYXRlL0h0OWlxWDFoUFNr  
 
[debug] [2020-02-18T23:45:15.530Z] >>> HTTP REQUEST GET https://cloudfunctions.googleapis.com/v1/operations/YW50bGVyLXZjL3VzLWNlbnRyYWwxL0ZUX3N5bm9ueW1zLXRlYW1zLW9uVXBkYXRlL25TQU5VQWpKdnNR  
 
[debug] [2020-02-18T23:45:15.530Z] >>> HTTP REQUEST GET https://cloudfunctions.googleapis.com/v1/operations/YW50bGVyLXZjL3VzLWNlbnRyYWwxL0ZUX3N5bm9ueW1zLXNwcmludFN1Ym1pc3Npb25zLW9uQ3JlYXRlLzhzVzg3dEM0QjdN  
 
[debug] [2020-02-18T23:45:15.531Z] >>> HTTP REQUEST GET https://cloudfunctions.googleapis.com/v1/operations/YW50bGVyLXZjL3VzLWNlbnRyYWwxL0ZUX3N5bm9ueW1zLXNwcmludFN1Ym1pc3Npb25zLW9uVXBkYXRlL09PMy1HbURrbzRV  
 
[debug] [2020-02-18T23:45:15.531Z] >>> HTTP REQUEST GET https://cloudfunctions.googleapis.com/v1/operations/YW50bGVyLXZjL3VzLWNlbnRyYWwxL0ZUX3N5bm9ueW1zLXRyYWNrb3V0QXBwbGljYXRpb25zLW9uQ3JlYXRlL1FoaWYwTmlzYUtv  
 
[debug] [2020-02-18T23:45:15.531Z] >>> HTTP REQUEST GET https://cloudfunctions.googleapis.com/v1/operations/YW50bGVyLXZjL3VzLWNlbnRyYWwxL0ZUX3N5bm9ueW1zLXRyYWNrb3V0QXBwbGljYXRpb25zLW9uVXBkYXRlL0M1YjdMMTVVMzZN  
 
[debug] [2020-02-18T23:45:15.531Z] >>> HTTP REQUEST GET https://cloudfunctions.googleapis.com/v1/operations/YW50bGVyLXZjL3VzLWNlbnRyYWwxL0ZUX3N5bm9ueW1zLXBvcnRmb2xpb0VucXVpcmllcy1vbkNyZWF0ZS9ZWU0tMzlTUmpiOA  
 
[debug] [2020-02-18T23:45:15.531Z] >>> HTTP REQUEST GET https://cloudfunctions.googleapis.com/v1/operations/YW50bGVyLXZjL3VzLWNlbnRyYWwxL0ZUX3N5bm9ueW1zLXBvcnRmb2xpb0VucXVpcmllcy1vblVwZGF0ZS8xZ3lJNXRTZDBnSQ  
 
[debug] [2020-02-18T23:45:25.392Z] <<< HTTP RESPONSE 200
[debug] [2020-02-18T23:45:25.609Z] <<< HTTP RESPONSE 200
[debug] [2020-02-18T23:45:26.003Z] <<< HTTP RESPONSE 200
[debug] [2020-02-18T23:45:26.235Z] <<< HTTP RESPONSE 200
[debug] [2020-02-18T23:45:26.449Z] <<< HTTP RESPONSE 200
[debug] [2020-02-18T23:45:26.556Z] <<< HTTP RESPONSE 200
[debug] [2020-02-18T23:45:26.591Z] [functions] failed to get status of operation: operations/YW50bGVyLXZjL3VzLWNlbnRyYWwxL0ZUX2FsZ29saWEtdGVhbXMtb25VcGRhdGUva1JGWjM0VDRuVmM
[debug] [2020-02-18T23:45:26.591Z] [functions] Server Error. socket hang up
[debug] [2020-02-18T23:45:26.591Z] [functions] failed to get status of operation: operations/YW50bGVyLXZjL3VzLWNlbnRyYWwxL0ZUX2FsZ29saWEtZm91bmRlcnMtb25DcmVhdGUvLWJyQU93djVXbGc
[debug] [2020-02-18T23:45:26.592Z] [functions] Server Error. socket hang up
[debug] [2020-02-18T23:45:26.592Z] [functions] failed to get status of operation: operations/YW50bGVyLXZjL3VzLWNlbnRyYWwxL0ZUX2FsZ29saWEtY29ob3J0cy1vbkNyZWF0ZS84b2R5emM0WTVGYw
[debug] [2020-02-18T23:45:26.592Z] [functions] Server Error. socket hang up
[debug] [2020-02-18T23:45:26.592Z] [functions] failed to get status of operation: operations/YW50bGVyLXZjL3VzLWNlbnRyYWwxL0ZUX2hpc3Rvcnktc3ByaW50U3VibWlzc2lvbnMvY3FyVEgxdEJYUFE
[debug] [2020-02-18T23:45:26.592Z] [functions] Server Error. socket hang up
[debug] [2020-02-18T23:45:26.593Z] [functions] failed to get status of operation: operations/YW50bGVyLXZjL3VzLWNlbnRyYWwxL0ZUX2FsZ29saWEtcG9ydGZvbGlvLW9uRGVsZXRlL2FpNnNlamwwZlNR
[debug] [2020-02-18T23:45:26.593Z] [functions] Server Error. socket hang up
[debug] [2020-02-18T23:45:26.593Z] [functions] failed to get status of operation: operations/YW50bGVyLXZjL3VzLWNlbnRyYWwxL0ZUX2FsZ29saWEtY29ob3J0cy1vblVwZGF0ZS9VbHBmQjNMaFdTZw
[debug] [2020-02-18T23:45:26.593Z] [functions] Server Error. socket hang up
[debug] [2020-02-18T23:45:26.593Z] [functions] failed to get status of operation: operations/YW50bGVyLXZjL3VzLWNlbnRyYWwxL0ZUX2FsZ29saWEtZm91bmRlcnMtb25VcGRhdGUvZFJJSlpQYlN3NUk
[debug] [2020-02-18T23:45:26.593Z] [functions] Server Error. socket hang up
[debug] [2020-02-18T23:45:26.593Z] [functions] failed to get status of operation: operations/YW50bGVyLXZjL3VzLWNlbnRyYWwxL0ZUX2FsZ29saWEtcG9ydGZvbGlvLW9uQ3JlYXRlL2JEdjk4Sko2Vl8w
[debug] [2020-02-18T23:45:26.593Z] [functions] Server Error. socket hang up
[debug] [2020-02-18T23:45:26.594Z] [functions] failed to get status of operation: operations/YW50bGVyLXZjL3VzLWNlbnRyYWwxL0ZUX2FsZ29saWEtY29ob3J0cy1vbkRlbGV0ZS8wZ0pBNVJQRjFqVQ
[debug] [2020-02-18T23:45:26.594Z] [functions] Server Error. socket hang up
[debug] [2020-02-18T23:45:26.594Z] [functions] failed to get status of operation: operations/YW50bGVyLXZjL3VzLWNlbnRyYWwxL0ZUX3N5bm9ueW1zLXByb2ZpbGVzLW9uQ3JlYXRlL0RpWG5iWE1tcE1R
[debug] [2020-02-18T23:45:26.594Z] [functions] Server Error. socket hang up
[debug] [2020-02-18T23:45:26.594Z] [functions] failed to get status of operation: operations/YW50bGVyLXZjL3VzLWNlbnRyYWwxL0ZUX3N5bm9ueW1zLXRlYW1zLW9uVXBkYXRlL25TQU5VQWpKdnNR
[debug] [2020-02-18T23:45:26.594Z] [functions] Server Error. socket hang up
[debug] [2020-02-18T23:45:26.594Z] [functions] failed to get status of operation: operations/YW50bGVyLXZjL3VzLWNlbnRyYWwxL0ZUX2FsZ29saWEtYWR2aXNvcnMtb25DcmVhdGUvQWVROXZqLWFQbTA
[debug] [2020-02-18T23:45:26.594Z] [functions] Server Error. socket hang up
[debug] [2020-02-18T23:45:26.594Z] [functions] failed to get status of operation: operations/YW50bGVyLXZjL3VzLWNlbnRyYWwxL0ZUX3N5bm9ueW1zLXNwcmludFN1Ym1pc3Npb25zLW9uVXBkYXRlL09PMy1HbURrbzRV
[debug] [2020-02-18T23:45:26.594Z] [functions] Server Error. socket hang up
[debug] [2020-02-18T23:45:26.595Z] [functions] failed to get status of operation: operations/YW50bGVyLXZjL3VzLWNlbnRyYWwxL0ZUX3N5bm9ueW1zLXBvcnRmb2xpby1vbkNyZWF0ZS9kSDZhZXZBalhxMA
[debug] [2020-02-18T23:45:26.595Z] [functions] Server Error. socket hang up
[debug] [2020-02-18T23:45:26.595Z] [functions] failed to get status of operation: operations/YW50bGVyLXZjL3VzLWNlbnRyYWwxL0ZUX3N5bm9ueW1zLWh1YlJlc291cmNlcy1vbkNyZWF0ZS9uRVdiSTg1dzE5SQ
[debug] [2020-02-18T23:45:26.595Z] [functions] Server Error. socket hang up
[debug] [2020-02-18T23:45:26.595Z] [functions] failed to get status of operation: operations/YW50bGVyLXZjL3VzLWNlbnRyYWwxL0ZUX3N5bm9ueW1zLXBvcnRmb2xpby1vblVwZGF0ZS9tSUl4WWhrUF8wbw
[debug] [2020-02-18T23:45:26.595Z] [functions] Server Error. socket hang up
[debug] [2020-02-18T23:45:26.595Z] [functions] failed to get status of operation: operations/YW50bGVyLXZjL3VzLWNlbnRyYWwxL0ZUX2FsZ29saWEtcG9ydGZvbGlvLW9uVXBkYXRlL19fYWZzb1pKV0Rr
[debug] [2020-02-18T23:45:26.595Z] [functions] Server Error. socket hang up
[debug] [2020-02-18T23:45:26.595Z] [functions] failed to get status of operation: operations/YW50bGVyLXZjL3VzLWNlbnRyYWwxL0ZUX2FsZ29saWEtYWR2aXNvcnMtb25EZWxldGUvV0RURVFGRV8tMVk
[debug] [2020-02-18T23:45:26.595Z] [functions] Server Error. socket hang up
[debug] [2020-02-18T23:45:26.596Z] [functions] failed to get status of operation: operations/YW50bGVyLXZjL3VzLWNlbnRyYWwxL0ZUX3N5bmMtbXlUZWFtMnRlYW1zLW9uVXBkYXRlL0otR1J3NjVCNkww
[debug] [2020-02-18T23:45:26.596Z] [functions] Server Error. socket hang up
[debug] [2020-02-18T23:45:26.596Z] [functions] failed to get status of operation: operations/YW50bGVyLXZjL3VzLWNlbnRyYWwxL0ZUX2FsZ29saWEtdGVhbXMtb25EZWxldGUvcjZnS21ySHJZNVk
[debug] [2020-02-18T23:45:26.596Z] [functions] Server Error. socket hang up
[debug] [2020-02-18T23:45:26.596Z] [functions] failed to get status of operation: operations/YW50bGVyLXZjL3VzLWNlbnRyYWwxL0ZUX3N5bm9ueW1zLWh1YlJlc291cmNlcy1vblVwZGF0ZS9RRTRVWWlYdGpkVQ
[debug] [2020-02-18T23:45:26.596Z] [functions] Server Error. socket hang up
[debug] [2020-02-18T23:45:26.860Z] [functions] failed to get status of operation: operations/YW50bGVyLXZjL3VzLWNlbnRyYWwxL0ZUX3N5bmMtcHJvZmlsZXMyZm91bmRlcnMtb25DcmVhdGUvT1JRclZ6RTBsbG8
[debug] [2020-02-18T23:45:26.860Z] [functions] Server Error. socket hang up
[debug] [2020-02-18T23:45:26.860Z] [functions] failed to get status of operation: operations/YW50bGVyLXZjL3VzLWNlbnRyYWwxL0ZUX3N5bm9ueW1zLWNvaG9ydHMtb25VcGRhdGUvZWI1OUZWaU9DbkE
[debug] [2020-02-18T23:45:26.860Z] [functions] Server Error. socket hang up
[debug] [2020-02-18T23:45:26.861Z] [functions] failed to get status of operation: operations/YW50bGVyLXZjL3VzLWNlbnRyYWwxL0ZUX3N5bm9ueW1zLXByb2ZpbGVzLW9uVXBkYXRlL2VVcE9UOTdycElJ
[debug] [2020-02-18T23:45:26.861Z] [functions] Server Error. socket hang up
[debug] [2020-02-18T23:45:26.861Z] [functions] failed to get status of operation: operations/YW50bGVyLXZjL3VzLWNlbnRyYWwxL0ZUX3N5bm9ueW1zLXRyYWNrb3V0QXBwbGljYXRpb25zLW9uVXBkYXRlL0M1YjdMMTVVMzZN
[debug] [2020-02-18T23:45:26.861Z] [functions] Server Error. socket hang up
[debug] [2020-02-18T23:45:26.861Z] [functions] failed to get status of operation: operations/YW50bGVyLXZjL3VzLWNlbnRyYWwxL0ZUX3N5bm9ueW1zLXNwcmludFN1Ym1pc3Npb25zLW9uQ3JlYXRlLzhzVzg3dEM0QjdN
[debug] [2020-02-18T23:45:26.861Z] [functions] Server Error. socket hang up
[debug] [2020-02-18T23:45:26.862Z] [functions] failed to get status of operation: operations/YW50bGVyLXZjL3VzLWNlbnRyYWwxL0ZUX3N5bm9ueW1zLXBvcnRmb2xpb0VucXVpcmllcy1vblVwZGF0ZS8xZ3lJNXRTZDBnSQ
[debug] [2020-02-18T23:45:26.862Z] [functions] Server Error. socket hang up
[debug] [2020-02-18T23:45:27.012Z] <<< HTTP RESPONSE 200
[debug] [2020-02-18T23:45:27.013Z] <<< HTTP RESPONSE 200
[debug] [2020-02-18T23:45:27.545Z] [functions] failed to get status of operation: operations/YW50bGVyLXZjL3VzLWNlbnRyYWwxL0ZUX3N5bmMtcHJvZmlsZXMyZm91bmRlcnMtb25VcGRhdGUvLWd6RW0wM2RRbUE
[debug] [2020-02-18T23:45:27.546Z] [functions] Server Error. read ECONNRESET
[debug] [2020-02-18T23:45:27.546Z] [functions] failed to get status of operation: operations/YW50bGVyLXZjL3VzLWNlbnRyYWwxL0ZUX3Blcm1pc3Npb25zLXVzZXJQZXJtaXNzaW9ucy9KZDFhdWhmeVNncw
[debug] [2020-02-18T23:45:27.546Z] [functions] Server Error. read ECONNRESET
[debug] [2020-02-18T23:45:27.546Z] [functions] failed to get status of operation: operations/YW50bGVyLXZjL3VzLWNlbnRyYWwxL0ZUX2FsZ29saWEtZm91bmRlcnMtb25EZWxldGUvMHltbVZFbnFuVnc
[debug] [2020-02-18T23:45:27.546Z] [functions] Server Error. socket hang up
[debug] [2020-02-18T23:45:28.020Z] [functions] failed to get status of operation: operations/YW50bGVyLXZjL3VzLWNlbnRyYWwxL0ZUX2hpc3RvcnktdGVhbXMvbVNPUjhpOGlDbUU
[debug] [2020-02-18T23:45:28.020Z] [functions] Server Error. socket hang up
[debug] [2020-02-18T23:45:30.397Z] >>> HTTP REQUEST GET https://cloudfunctions.googleapis.com/v1/operations/YW50bGVyLXZjL3VzLWNlbnRyYWwxL0ZUX3N5bm9ueW1zLWNvaG9ydHMtb25DcmVhdGUvendPSlZTbEM0cms  
 
[debug] [2020-02-18T23:45:30.609Z] >>> HTTP REQUEST GET https://cloudfunctions.googleapis.com/v1/operations/YW50bGVyLXZjL3VzLWNlbnRyYWwxL0ZUX3N5bm9ueW1zLXBvcnRmb2xpb0VucXVpcmllcy1vbkNyZWF0ZS9ZWU0tMzlTUmpiOA  
 
[debug] [2020-02-18T23:45:31.007Z] >>> HTTP REQUEST GET https://cloudfunctions.googleapis.com/v1/operations/YW50bGVyLXZjL3VzLWNlbnRyYWwxL0ZUX2FsZ29saWEtYWR2aXNvcnMtb25VcGRhdGUvWThmUUV5N3Fabk0  
 
[debug] [2020-02-18T23:45:31.238Z] >>> HTTP REQUEST GET https://cloudfunctions.googleapis.com/v1/operations/YW50bGVyLXZjL3VzLWNlbnRyYWwxL0ZUX3N5bm9ueW1zLXRlYW1zLW9uQ3JlYXRlL0h0OWlxWDFoUFNr  
 
[debug] [2020-02-18T23:45:31.455Z] >>> HTTP REQUEST GET https://cloudfunctions.googleapis.com/v1/operations/YW50bGVyLXZjL3VzLWNlbnRyYWwxL0ZUX3N5bmMtbXlUZWFtMnRlYW1zLW9uQ3JlYXRlL1FGSWRkblloc3Vn  
 
[debug] [2020-02-18T23:45:31.559Z] >>> HTTP REQUEST GET https://cloudfunctions.googleapis.com/v1/operations/YW50bGVyLXZjL3VzLWNlbnRyYWwxL0ZUX3N5bm9ueW1zLXRyYWNrb3V0QXBwbGljYXRpb25zLW9uQ3JlYXRlL1FoaWYwTmlzYUtv  
 
[debug] [2020-02-18T23:45:32.015Z] >>> HTTP REQUEST GET https://cloudfunctions.googleapis.com/v1/operations/YW50bGVyLXZjL3VzLWNlbnRyYWwxL2NhbGxhYmxlLXZlcmlmeUZvdW5kZXIvck81dTAxOEh1Wkk  
 
[debug] [2020-02-18T23:45:32.016Z] >>> HTTP REQUEST GET https://cloudfunctions.googleapis.com/v1/operations/YW50bGVyLXZjL3VzLWNlbnRyYWwxL2V4cG9ydFRhYmxlL2Z4U3FiRDlfNEFn  
 
[debug] [2020-02-18T23:45:33.329Z] [functions] failed to get status of operation: operations/YW50bGVyLXZjL3VzLWNlbnRyYWwxL0ZUX2FsZ29saWEtdGVhbXMtb25DcmVhdGUvY3lTbzYzempLb3M
[debug] [2020-02-18T23:45:33.329Z] [functions] Server Error. socket hang up
